<?xml version="1.0" encoding="UTF-8"?>
<testsuite xmlns:xsi="http://www.w3.org/2001/XMLSchema-instance" xsi:noNamespaceSchemaLocation="https://maven.apache.org/surefire/maven-surefire-plugin/xsd/surefire-test-report.xsd" name="lateetud.MatrixControllerTest" time="0.124" tests="9" errors="0" skipped="0" failures="0">
  <properties>
[...]
</properties>
  <testcase name="testExceptionForOutOfBoundsCol{int}[1]" classname="lateetud.MatrixControllerTest" time="0.004"/>
  <testcase name="testExceptionForOutOfBoundsCol{int}[2]" classname="lateetud.MatrixControllerTest" time="0.001"/>
  <testcase name="testExceptionForOutOfBoundsRow{int}[1]" classname="lateetud.MatrixControllerTest" time="0.001"/>
  <testcase name="testExceptionForOutOfBoundsRow{int}[2]" classname="lateetud.MatrixControllerTest" time="0.012"/>
  <testcase name="testExceptionForOutOfBoundsRow{int}[3]" classname="lateetud.MatrixControllerTest" time="0.001"/>
  <testcase name="testArrayListNotNull" classname="lateetud.MatrixControllerTest" time="0"/>
  <testcase name="testMatrixHasCorrectValues" classname="lateetud.MatrixControllerTest" time="0"/>
  <testcase name="testMatrixHasSameAmountValues" classname="lateetud.MatrixControllerTest" time="0.001"/>
  <testcase name="testMatrixDoesNotHaveUnknownValue" classname="lateetud.MatrixControllerTest" time="0"/>
</testsuite>